\BOOKMARK [0][-]{chapter.1}{\376\377\006\105\006\071\006\061\006\101\006\314}{}% 1
\BOOKMARK [1][-]{section.1.1}{\376\377\006\176\006\314\006\064\040\014\006\062\006\105\006\314\006\106\006\107\000\040\006\105\006\106}{chapter.1}% 2
\BOOKMARK [1][-]{section.1.2}{\376\377\006\105\006\061\006\251\006\062\000\040\006\047\006\050\006\061\006\061\006\047\006\314\006\047\006\106\006\064\000\040\006\064\006\314\006\056\000\040\006\050\006\107\006\047\006\046\006\314}{chapter.1}% 3
\BOOKMARK [2][-]{subsection.1.2.1}{\376\377\006\105\006\106\006\070\006\110\006\061\000\040\006\047\006\062\000\040\006\314\006\251\000\040\006\056\006\110\006\064\006\107\000\040\000H\000P\000C\000\040\006\206\006\314\006\063\006\052\006\037}{section.1.2}% 4
\BOOKMARK [2][-]{subsection.1.2.2}{\376\377\006\105\006\071\006\105\006\047\006\061\006\314}{section.1.2}% 5
\BOOKMARK [2][-]{subsection.1.2.3}{\376\377\006\106\006\055\006\110\006\107\000\040\006\251\006\047\006\061}{section.1.2}% 6
\BOOKMARK [1][-]{section.1.3}{\376\377\006\176\006\061\006\110\006\230\006\107}{chapter.1}% 7
\BOOKMARK [0][-]{chapter.2}{\376\377\006\042\006\105\006\047\006\057\006\107\000\040\006\063\006\047\006\062\006\314}{}% 8
\BOOKMARK [1][-]{section.2.1}{\376\377\006\042\006\105\006\047\006\057\006\107\000\040\006\063\006\047\006\062\006\314\000\040\006\251\006\047\006\105\006\176\006\314\006\110\006\052\006\061\040\014\006\107\006\047}{chapter.2}% 9
\BOOKMARK [1][-]{section.2.2}{\376\377\006\042\006\105\006\047\006\057\006\107\000\040\006\063\006\047\006\062\006\314\000\040\006\063\006\061\006\110\006\061\040\014\006\107\006\047}{chapter.2}% 10
\BOOKMARK [0][-]{chapter.3}{\376\377\006\047\006\061\006\251\006\063\006\052\006\061\006\047\006\063\006\314\006\110\006\106}{}% 11
\BOOKMARK [1][-]{section.3.1}{\376\377\000K\000u\000b\000e\000r\000n\000e\000t\000e\000s}{chapter.3}% 12
\BOOKMARK [0][-]{chapter.4}{\376\377\006\176\006\314\006\047\006\057\006\107\040\014\006\063\006\047\006\062\006\314\000\040\006\064\006\050\006\251\006\107}{}% 13
\BOOKMARK [1][-]{section.4.1}{\376\377\000c\000a\000l\000i\000c\000o}{chapter.4}% 14
\BOOKMARK [1][-]{section.4.2}{\376\377\000m\000u\000l\000t\000u\000s}{chapter.4}% 15
\BOOKMARK [1][-]{section.4.3}{\376\377\000m\000a\000c\000v\000t\000a\000p}{chapter.4}% 16
\BOOKMARK [1][-]{section.4.4}{\376\377\000b\000r\000i\000d\000g\000e}{chapter.4}% 17
\BOOKMARK [1][-]{section.4.5}{\376\377\000k\000u\000b\000e\000m\000a\000c\000p\000o\000o\000l}{chapter.4}% 18
\BOOKMARK [0][-]{chapter.5}{\376\377\006\050\006\063\006\052\006\061\000\040\006\105\006\054\006\047\006\062\006\314\000\040\006\063\006\047\006\062\006\314\000\040\006\057\006\061\000\040\000k\0008\000s}{}% 19
\BOOKMARK [1][-]{section.5.1}{\376\377\000K\000u\000b\000e\000v\000i\000r\000t}{chapter.5}% 20
\BOOKMARK [1][-]{section.5.2}{\376\377\006\105\006\106\006\047\006\050\006\071\000\040\006\105\006\047\006\064\006\314\006\106\000\040\006\107\006\047}{chapter.5}% 21
\BOOKMARK [1][-]{section.5.3}{\376\377\006\047\006\106\006\052\006\102\006\047\006\104\000\040\006\062\006\106\006\057\006\107}{chapter.5}% 22
\BOOKMARK [1][-]{section.5.4}{\376\377\006\052\006\056\006\065\006\314\006\065\000\040\006\105\006\106\006\047\006\050\006\071\000\040\006\050\006\107\000\040\006\065\006\110\006\061\006\052\000\040\006\062\006\106\006\057\006\107}{chapter.5}% 23
\BOOKMARK [0][-]{chapter.6}{\376\377\000W\000i\000n\000d\000o\000w\000s\000\040\000i\000m\000a\000g\000e}{}% 24
\BOOKMARK [1][-]{section.6.1}{\376\377\006\257\006\061\006\101\006\052\006\106\000\040\006\047\006\067\006\104\006\047\006\071\006\047\006\052}{chapter.6}% 25
\BOOKMARK [1][-]{section.6.2}{\376\377\006\052\006\106\006\067\006\314\006\105\006\047\006\052\000\040\006\047\006\066\006\047\006\101\006\314}{chapter.6}% 26
\BOOKMARK [0][-]{chapter.7}{\376\377\000k\000u\000b\000e\000v\000i\000r\000t\000-\000m\000a\000n\000a\000g\000e\000r}{}% 27
\BOOKMARK [0][-]{chapter.8}{\376\377\006\106\006\070\006\047\006\061\006\052}{}% 28
\BOOKMARK [1][-]{section.8.1}{\376\377\000P\000r\000o\000m\000e\000t\000h\000e\000u\000s}{chapter.8}% 29
\BOOKMARK [1][-]{section.8.2}{\376\377\000G\000r\000a\000p\000h\000a\000n\000a}{chapter.8}% 30
\BOOKMARK [0][-]{appendix.Alph1}{\376\377\006\047\006\067\006\104\006\047\006\071\006\047\006\052\000\040\006\047\006\066\006\047\006\101\006\314}{}% 31
